14:22:01.815 INFO [GridLauncherV3.parse] - Selenium server version: 3.141.59, revision: e82be7d358
14:22:01.887 INFO [GridLauncherV3.lambda$buildLaunchers$3] - Launching a standalone Selenium Server on port 4444
2019-05-30 14:22:01.930:INFO::main: Logging initialized @286ms to org.seleniumhq.jetty9.util.log.StdErrLog
14:22:02.126 INFO [WebDriverServlet.<init>] - Initialising WebDriverServlet
14:22:02.199 INFO [SeleniumServer.boot] - Selenium Server is up and running on port 4444
14:22:03.590 INFO [ActiveSessionFactory.apply] - Capabilities are: {
  "acceptSslCerts": true,
  "browserName": "chrome",
  "javascriptEnabled": true,
  "name": "Etablissement \u002f Children Sirets"
}
14:22:03.590 INFO [ActiveSessionFactory.apply] - Capabilities are: {
  "acceptSslCerts": true,
  "browserName": "chrome",
  "javascriptEnabled": true,
  "name": "Etablissement \u002f Header"
}
14:22:03.590 INFO [ActiveSessionFactory.apply] - Capabilities are: {
  "acceptSslCerts": true,
  "browserName": "chrome",
  "javascriptEnabled": true,
  "name": "Etablissement \u002f Rna Informations"
}
14:22:03.592 INFO [ActiveSessionFactory.lambda$apply$11] - Matched factory org.openqa.selenium.grid.session.remote.ServicedSession$Factory (provider: org.openqa.selenium.chrome.ChromeDriverService)
14:22:03.592 INFO [ActiveSessionFactory.lambda$apply$11] - Matched factory org.openqa.selenium.grid.session.remote.ServicedSession$Factory (provider: org.openqa.selenium.chrome.ChromeDriverService)
14:22:03.592 INFO [ActiveSessionFactory.lambda$apply$11] - Matched factory org.openqa.selenium.grid.session.remote.ServicedSession$Factory (provider: org.openqa.selenium.chrome.ChromeDriverService)
14:22:03.594 INFO [ActiveSessionFactory.apply] - Capabilities are: {
  "acceptSslCerts": true,
  "browserName": "chrome",
  "javascriptEnabled": true,
  "name": "Etablissement \u002f Sirene Informations"
}
14:22:03.595 INFO [ActiveSessionFactory.lambda$apply$11] - Matched factory org.openqa.selenium.grid.session.remote.ServicedSession$Factory (provider: org.openqa.selenium.chrome.ChromeDriverService)
Starting ChromeDriver 2.46.628388 (4a34a70827ac54148e092aafb70504c4ea7ae926) on port 10896
Only local connections are allowed.
Please protect ports used by ChromeDriver and related test frameworks to prevent access by malicious code.
Starting ChromeDriver 2.46.628388 (4a34a70827ac54148e092aafb70504c4ea7ae926) on port 23328
Only local connections are allowed.
Please protect ports used by ChromeDriver and related test frameworks to prevent access by malicious code.
Starting ChromeDriver 2.46.628388 (4a34a70827ac54148e092aafb70504c4ea7ae926) on port 1919
Only local connections are allowed.
Please protect ports used by ChromeDriver and related test frameworks to prevent access by malicious code.
Starting ChromeDriver 2.46.628388 (4a34a70827ac54148e092aafb70504c4ea7ae926) on port 15276
Only local connections are allowed.
Please protect ports used by ChromeDriver and related test frameworks to prevent access by malicious code.
14:22:05.829 INFO [ProtocolHandshake.createSession] - Detected dialect: OSS
14:22:05.832 INFO [ProtocolHandshake.createSession] - Detected dialect: OSS
14:22:05.874 INFO [ProtocolHandshake.createSession] - Detected dialect: OSS
14:22:05.906 INFO [ProtocolHandshake.createSession] - Detected dialect: OSS
14:22:06.590 INFO [RemoteSession$Factory.lambda$performHandshake$0] - Started new session 7d1be62e1cc81a89a9160910c8caecf1 (org.openqa.selenium.chrome.ChromeDriverService)
14:22:06.601 INFO [RemoteSession$Factory.lambda$performHandshake$0] - Started new session 7de948797dd32dde4186eca485bb89dd (org.openqa.selenium.chrome.ChromeDriverService)
14:22:06.615 INFO [RemoteSession$Factory.lambda$performHandshake$0] - Started new session 9d225edbaf66414103edb8708c2b0ef3 (org.openqa.selenium.chrome.ChromeDriverService)
14:22:06.629 INFO [RemoteSession$Factory.lambda$performHandshake$0] - Started new session 79bb664284b6fa70d4ba1c07e0feccaa (org.openqa.selenium.chrome.ChromeDriverService)
14:22:08.517 INFO [ActiveSessions$1.onStop] - Removing session 79bb664284b6fa70d4ba1c07e0feccaa (org.openqa.selenium.chrome.ChromeDriverService)
14:22:08.685 INFO [ActiveSessions$1.onStop] - Removing session 7d1be62e1cc81a89a9160910c8caecf1 (org.openqa.selenium.chrome.ChromeDriverService)
14:22:09.823 INFO [ActiveSessions$1.onStop] - Removing session 9d225edbaf66414103edb8708c2b0ef3 (org.openqa.selenium.chrome.ChromeDriverService)
14:22:10.103 INFO [ActiveSessions$1.onStop] - Removing session 7de948797dd32dde4186eca485bb89dd (org.openqa.selenium.chrome.ChromeDriverService)
14:22:10.168 INFO [ActiveSessionFactory.apply] - Capabilities are: {
  "acceptSslCerts": true,
  "browserName": "chrome",
  "javascriptEnabled": true,
  "name": "Search \u002f Features"
}
14:22:10.168 INFO [ActiveSessionFactory.lambda$apply$11] - Matched factory org.openqa.selenium.grid.session.remote.ServicedSession$Factory (provider: org.openqa.selenium.chrome.ChromeDriverService)
Starting ChromeDriver 2.46.628388 (4a34a70827ac54148e092aafb70504c4ea7ae926) on port 4793
Only local connections are allowed.
Please protect ports used by ChromeDriver and related test frameworks to prevent access by malicious code.
14:22:11.326 INFO [ActiveSessionFactory.apply] - Capabilities are: {
  "acceptSslCerts": true,
  "browserName": "chrome",
  "javascriptEnabled": true,
  "name": "Search \u002f Rna Id"
}
14:22:11.330 INFO [ActiveSessionFactory.lambda$apply$11] - Matched factory org.openqa.selenium.grid.session.remote.ServicedSession$Factory (provider: org.openqa.selenium.chrome.ChromeDriverService)
14:22:11.344 INFO [ActiveSessionFactory.apply] - Capabilities are: {
  "acceptSslCerts": true,
  "browserName": "chrome",
  "javascriptEnabled": true,
  "name": "Search \u002f Full Text"
}
14:22:11.346 INFO [ActiveSessionFactory.lambda$apply$11] - Matched factory org.openqa.selenium.grid.session.remote.ServicedSession$Factory (provider: org.openqa.selenium.chrome.ChromeDriverService)
Starting ChromeDriver 2.46.628388 (4a34a70827ac54148e092aafb70504c4ea7ae926) on port 16467
Only local connections are allowed.
Please protect ports used by ChromeDriver and related test frameworks to prevent access by malicious code.
Starting ChromeDriver 2.46.628388 (4a34a70827ac54148e092aafb70504c4ea7ae926) on port 15367
Only local connections are allowed.
Please protect ports used by ChromeDriver and related test frameworks to prevent access by malicious code.
14:22:11.499 INFO [ActiveSessionFactory.apply] - Capabilities are: {
  "acceptSslCerts": true,
  "browserName": "chrome",
  "javascriptEnabled": true,
  "name": "Search \u002f Siren"
}
14:22:11.511 INFO [ActiveSessionFactory.lambda$apply$11] - Matched factory org.openqa.selenium.grid.session.remote.ServicedSession$Factory (provider: org.openqa.selenium.chrome.ChromeDriverService)
Starting ChromeDriver 2.46.628388 (4a34a70827ac54148e092aafb70504c4ea7ae926) on port 19128
Only local connections are allowed.
Please protect ports used by ChromeDriver and related test frameworks to prevent access by malicious code.
14:22:12.109 INFO [ProtocolHandshake.createSession] - Detected dialect: OSS
14:22:12.191 INFO [RemoteSession$Factory.lambda$performHandshake$0] - Started new session 45fc579c45217034d4666aba35bff7c4 (org.openqa.selenium.chrome.ChromeDriverService)
14:22:13.583 INFO [ProtocolHandshake.createSession] - Detected dialect: OSS
14:22:13.707 INFO [RemoteSession$Factory.lambda$performHandshake$0] - Started new session 2fc168c0173dd8c41b22c672b384067c (org.openqa.selenium.chrome.ChromeDriverService)
14:22:13.777 INFO [ProtocolHandshake.createSession] - Detected dialect: OSS
14:22:13.840 INFO [RemoteSession$Factory.lambda$performHandshake$0] - Started new session dfa8ee9c24d9f17473dcbafd2b055cfc (org.openqa.selenium.chrome.ChromeDriverService)
14:22:14.558 INFO [ProtocolHandshake.createSession] - Detected dialect: OSS
14:22:14.605 INFO [RemoteSession$Factory.lambda$performHandshake$0] - Started new session b33548066feb77825d55d9b1e2975c87 (org.openqa.selenium.chrome.ChromeDriverService)
14:22:17.617 INFO [ActiveSessions$1.onStop] - Removing session 2fc168c0173dd8c41b22c672b384067c (org.openqa.selenium.chrome.ChromeDriverService)
14:22:17.784 INFO [ActiveSessions$1.onStop] - Removing session 45fc579c45217034d4666aba35bff7c4 (org.openqa.selenium.chrome.ChromeDriverService)
14:22:18.166 INFO [ActiveSessions$1.onStop] - Removing session b33548066feb77825d55d9b1e2975c87 (org.openqa.selenium.chrome.ChromeDriverService)
14:22:18.706 INFO [ActiveSessions$1.onStop] - Removing session dfa8ee9c24d9f17473dcbafd2b055cfc (org.openqa.selenium.chrome.ChromeDriverService)
14:22:18.869 INFO [ActiveSessionFactory.apply] - Capabilities are: {
  "acceptSslCerts": true,
  "browserName": "chrome",
  "javascriptEnabled": true,
  "name": "Search \u002f Siret"
}
14:22:18.869 INFO [ActiveSessionFactory.lambda$apply$11] - Matched factory org.openqa.selenium.grid.session.remote.ServicedSession$Factory (provider: org.openqa.selenium.chrome.ChromeDriverService)
Starting ChromeDriver 2.46.628388 (4a34a70827ac54148e092aafb70504c4ea7ae926) on port 1215
Only local connections are allowed.
Please protect ports used by ChromeDriver and related test frameworks to prevent access by malicious code.
14:22:19.743 INFO [ProtocolHandshake.createSession] - Detected dialect: OSS
14:22:19.779 INFO [RemoteSession$Factory.lambda$performHandshake$0] - Started new session 114d9fd8edf7793fea8b56dd2da6d371 (org.openqa.selenium.chrome.ChromeDriverService)
14:22:21.349 INFO [ActiveSessions$1.onStop] - Removing session 114d9fd8edf7793fea8b56dd2da6d371 (org.openqa.selenium.chrome.ChromeDriverService)
